<?xml version="1.0" encoding="utf-8"?><testsuites name="pytest tests"><testsuite name="pytest" errors="0" failures="0" skipped="0" tests="21" time="3.601" timestamp="2026-03-30T12:58:19.041939+00:00" hostname="agent-env-16679c93-d905-4d31-a6a3-c07173a2386f"><testcase classname="backend.tests.test_8d_api.TestHealthCheck" name="test_health_returns_ok" time="0.259" /><testcase classname="backend.tests.test_8d_api.TestComplaints" name="test_list_complaints_returns_seeded_data" time="0.104" /><testcase classname="backend.tests.test_8d_api.TestComplaints" name="test_get_complaint_by_id" time="0.256" /><testcase classname="backend.tests.test_8d_api.TestComplaints" name="test_complaint_summary" time="0.217" /><testcase classname="backend.tests.test_8d_api.TestComplaints" name="test_complaint_allowed_transitions" time="0.243" /><testcase classname="backend.tests.test_8d_api.TestStatistics" name="test_dashboard_statistics" time="0.106" /><testcase classname="backend.tests.test_8d_api.TestStatistics" name="test_status_distribution" time="0.108" /><testcase classname="backend.tests.test_8d_api.TestStatistics" name="test_trends" time="0.115" /><testcase classname="backend.tests.test_8d_api.TestStatistics" name="test_top_errors" time="0.103" /><testcase classname="backend.tests.test_8d_api.TestStatistics" name="test_top_customers" time="0.108" /><testcase classname="backend.tests.test_8d_api.TestStatistics" name="test_score_distribution" time="0.111" /><testcase classname="backend.tests.test_8d_api.TestStatistics" name="test_processing_time" time="0.111" /><testcase classname="backend.tests.test_8d_api.TestStatistics" name="test_error_locations" time="0.156" /><testcase classname="backend.tests.test_8d_api.TestStatistics" name="test_monthly_statistics" time="0.111" /><testcase classname="backend.tests.test_8d_api.TestNotifications" name="test_list_notifications" time="0.101" /><testcase classname="backend.tests.test_8d_api.TestNotifications" name="test_unread_count" time="0.103" /><testcase classname="backend.tests.test_8d_api.TestReviews" name="test_review_queue" time="0.116" /><testcase classname="backend.tests.test_8d_api.TestReviews" name="test_review_statistics" time="0.111" /><testcase classname="backend.tests.test_8d_api.TestReviews" name="test_pending_reviews" time="0.107" /><testcase classname="backend.tests.test_8d_api.TestComplaintCRUD" name="test_create_complaint" time="0.211" /><testcase classname="backend.tests.test_8d_api.TestComplaintCRUD" name="test_update_complaint" time="0.341" /></testsuite></testsuites>